<?xml version="1.0" encoding="UTF-8"?>
<testsuite name="com.perfecttest.allure.SimpleTest" time="57.275" tests="3" errors="0" skipped="0" failures="1">
  <properties>
[...]
</properties>
  <testcase name="mobilebankPageTest" classname="com.perfecttest.allure.SimpleTest" time="17.199">
    <failure message="Кнопка &apos;Мобильный банк&apos; работает expected:&lt;«Сбербанк России» [ ]- Мобильный банк&gt; but was:&lt;«Сбербанк России» []- Мобильный банк&gt;" type="junit.framework.ComparisonFailure"><![CDATA[junit.framework.ComparisonFailure: Кнопка 'Мобильный банк' работает expected:<«Сбербанк России» [ ]- Мобильный банк> but was:<«Сбербанк России» []- Мобильный банк>
	at junit.framework.Assert.assertEquals(Assert.java:100)
	at junit.framework.TestCase.assertEquals(TestCase.java:261)
	at com.perfecttest.allure.SimpleTest.mobilebankPageTest(SimpleTest.java:66)
]]></failure>
    <system-err>log4j:WARN No appenders could be found for logger (org.apache.http.client.protocol.RequestAddCookies).
log4j:WARN Please initialize the log4j system properly.
log4j:WARN See http://logging.apache.org/log4j/1.2/faq.html#noconfig for more info.
</system-err>
  </testcase>
  <testcase name="feedbackButtonTest" classname="com.perfecttest.allure.SimpleTest" time="29.637"/>
  <testcase name="openStartPage" classname="com.perfecttest.allure.SimpleTest" time="10.439"/>
</testsuite>